This file contains any messages produced by compilers while
running configure, to aid debugging if configure makes a mistake.

It was created by InfluxDB configure 0.3.0, which was
generated by GNU Autoconf 2.69.  Invocation command line was

  $ ./configure 

## --------- ##
## Platform. ##
## --------- ##

hostname = zhlsunshine1
uname -m = x86_64
uname -r = 3.13.0-53-generic
uname -s = Linux
uname -v = #89-Ubuntu SMP Wed May 20 10:34:39 UTC 2015

/usr/bin/uname -p = unknown
/bin/uname -X     = unknown

/bin/arch              = unknown
/usr/bin/arch -k       = unknown
/usr/convex/getsysinfo = unknown
/usr/bin/hostinfo      = unknown
/bin/machine           = unknown
/usr/bin/oslevel       = unknown
/bin/universe          = unknown

PATH: /home/ibmadmin/.gvm/pkgsets/go1.3.3/global/bin
PATH: /home/ibmadmin/.gvm/gos/go1.3.3/bin
PATH: /home/ibmadmin/.gvm/pkgsets/go1.3.3/global/overlay/bin
PATH: /home/ibmadmin/.gvm/bin
PATH: /home/ibmadmin/.gvm/bin
PATH: /usr/local/sbin
PATH: /usr/local/bin
PATH: /usr/sbin
PATH: /usr/bin
PATH: /sbin
PATH: /bin
PATH: /snap/bin
PATH: /home/ibmadmin/.rvm/bin


## ----------- ##
## Core tests. ##
## ----------- ##

configure:1815: checking sed -i
configure:1826: result: using sed -i
configure:1849: checking for protoc
configure:1867: found /usr/local/bin/protoc
configure:1880: result: /usr/local/bin/protoc
configure:1894: checking for valgrind
configure:1912: found /usr/bin/valgrind
configure:1925: result: /usr/bin/valgrind
configure:1943: checking for go
configure:1961: found /home/ibmadmin/.gvm/gos/go1.3.3/bin/go
configure:1974: result: /home/ibmadmin/.gvm/gos/go1.3.3/bin/go
configure:1988: checking for gofmt
configure:2006: found /home/ibmadmin/.gvm/gos/go1.3.3/bin/gofmt
configure:2019: result: /home/ibmadmin/.gvm/gos/go1.3.3/bin/gofmt
configure:2033: checking for hg
configure:2051: found /usr/bin/hg
configure:2064: result: /usr/bin/hg
configure:2088: checking for flex
configure:2106: found /usr/bin/flex
configure:2119: result: /usr/bin/flex
configure:2143: checking for bison
configure:2161: found /usr/bin/bison
configure:2174: result: /usr/bin/bison
configure:2196: checking for autoreconf
configure:2214: found /usr/bin/autoreconf
configure:2227: result: /usr/bin/autoreconf
configure:2286: checking for gcc
configure:2302: found /usr/bin/gcc
configure:2313: result: gcc
configure:2542: checking for C compiler version
configure:2551: gcc --version >&5
gcc (Ubuntu 4.8.4-2ubuntu1~14.04.4) 4.8.4
Copyright (C) 2013 Free Software Foundation, Inc.
This is free software; see the source for copying conditions.  There is NO
warranty; not even for MERCHANTABILITY or FITNESS FOR A PARTICULAR PURPOSE.

configure:2562: $? = 0
configure:2551: gcc -v >&5
Using built-in specs.
COLLECT_GCC=gcc
COLLECT_LTO_WRAPPER=/usr/lib/gcc/x86_64-linux-gnu/4.8/lto-wrapper
Target: x86_64-linux-gnu
Configured with: ../src/configure -v --with-pkgversion='Ubuntu 4.8.4-2ubuntu1~14.04.4' --with-bugurl=file:///usr/share/doc/gcc-4.8/README.Bugs --enable-languages=c,c++,java,go,d,fortran,objc,obj-c++ --prefix=/usr --program-suffix=-4.8 --enable-shared --enable-linker-build-id --libexecdir=/usr/lib --without-included-gettext --enable-threads=posix --with-gxx-include-dir=/usr/include/c++/4.8 --libdir=/usr/lib --enable-nls --with-sysroot=/ --enable-clocale=gnu --enable-libstdcxx-debug --enable-libstdcxx-time=yes --enable-gnu-unique-object --disable-libmudflap --enable-plugin --with-system-zlib --disable-browser-plugin --enable-java-awt=gtk --enable-gtk-cairo --with-java-home=/usr/lib/jvm/java-1.5.0-gcj-4.8-amd64/jre --enable-java-home --with-jvm-root-dir=/usr/lib/jvm/java-1.5.0-gcj-4.8-amd64 --with-jvm-jar-dir=/usr/lib/jvm-exports/java-1.5.0-gcj-4.8-amd64 --with-arch-directory=amd64 --with-ecj-jar=/usr/share/java/eclipse-ecj.jar --enable-objc-gc --enable-multiarch --disable-werror --with-arch-32=i686 --with-abi=m64 --with-multilib-list=m32,m64,mx32 --with-tune=generic --enable-checking=release --build=x86_64-linux-gnu --host=x86_64-linux-gnu --target=x86_64-linux-gnu
Thread model: posix
gcc version 4.8.4 (Ubuntu 4.8.4-2ubuntu1~14.04.4) 
configure:2562: $? = 0
configure:2551: gcc -V >&5
gcc: error: unrecognized command line option '-V'
gcc: fatal error: no input files
compilation terminated.
configure:2562: $? = 4
configure:2551: gcc -qversion >&5
gcc: error: unrecognized command line option '-qversion'
gcc: fatal error: no input files
compilation terminated.
configure:2562: $? = 4
configure:2582: checking whether the C compiler works
configure:2604: gcc    conftest.c  >&5
configure:2608: $? = 0
configure:2656: result: yes
configure:2659: checking for C compiler default output file name
configure:2661: result: a.out
configure:2667: checking for suffix of executables
configure:2674: gcc -o conftest    conftest.c  >&5
configure:2678: $? = 0
configure:2700: result: 
configure:2722: checking whether we are cross compiling
configure:2730: gcc -o conftest    conftest.c  >&5
configure:2734: $? = 0
configure:2741: ./conftest
configure:2745: $? = 0
configure:2760: result: no
configure:2765: checking for suffix of object files
configure:2787: gcc -c   conftest.c >&5
configure:2791: $? = 0
configure:2812: result: o
configure:2816: checking whether we are using the GNU C compiler
configure:2835: gcc -c   conftest.c >&5
configure:2835: $? = 0
configure:2844: result: yes
configure:2853: checking whether gcc accepts -g
configure:2873: gcc -c -g  conftest.c >&5
configure:2873: $? = 0
configure:2914: result: yes
configure:2931: checking for gcc option to accept ISO C89
configure:2994: gcc  -c -g -O2  conftest.c >&5
configure:2994: $? = 0
configure:3007: result: none needed
configure:3028: checking for gzdopen in -lz
configure:3053: gcc -o conftest -g -O2   conftest.c -lz   >&5
configure:3053: $? = 0
configure:3062: result: yes
configure:3075: checking for BZ2_bzReadOpen in -lbz2
configure:3100: gcc -o conftest -g -O2   conftest.c -lbz2  -lz  >&5
configure:3100: $? = 0
configure:3109: result: yes
configure:3123: checking for library containing clock_gettime
configure:3154: gcc -o conftest -g -O2   conftest.c -lbz2 -lz  >&5
configure:3154: $? = 0
configure:3171: result: none required
configure:3336: creating ./config.status

## ---------------------- ##
## Running config.status. ##
## ---------------------- ##

This file was extended by InfluxDB config.status 0.3.0, which was
generated by GNU Autoconf 2.69.  Invocation command line was

  CONFIG_FILES    = 
  CONFIG_HEADERS  = 
  CONFIG_LINKS    = 
  CONFIG_COMMANDS = 
  $ ./config.status 

on zhlsunshine1

config.status:733: creating Makefile
config.status:733: creating parser/Makefile

## ---------------- ##
## Cache variables. ##
## ---------------- ##

ac_cv_c_compiler_gnu=yes
ac_cv_env_CC_set=
ac_cv_env_CC_value=
ac_cv_env_CFLAGS_set=
ac_cv_env_CFLAGS_value=
ac_cv_env_CPPFLAGS_set=
ac_cv_env_CPPFLAGS_value=
ac_cv_env_LDFLAGS_set=
ac_cv_env_LDFLAGS_value=
ac_cv_env_LIBS_set=
ac_cv_env_LIBS_value=
ac_cv_env_build_alias_set=
ac_cv_env_build_alias_value=
ac_cv_env_host_alias_set=
ac_cv_env_host_alias_value=
ac_cv_env_target_alias_set=
ac_cv_env_target_alias_value=
ac_cv_lib_bz2_BZ2_bzReadOpen=yes
ac_cv_lib_z_gzdopen=yes
ac_cv_objext=o
ac_cv_path_AUTORECONF=/usr/bin/autoreconf
ac_cv_path_GO=/home/ibmadmin/.gvm/gos/go1.3.3/bin/go
ac_cv_path_GOFMT=/home/ibmadmin/.gvm/gos/go1.3.3/bin/gofmt
ac_cv_path_HG=/usr/bin/hg
ac_cv_path_PROTOC=/usr/local/bin/protoc
ac_cv_path_VALGRIND=/usr/bin/valgrind
ac_cv_path_with_bison=/usr/bin/bison
ac_cv_path_with_flex=/usr/bin/flex
ac_cv_prog_ac_ct_CC=gcc
ac_cv_prog_cc_c89=
ac_cv_prog_cc_g=yes
ac_cv_search_clock_gettime='none required'

## ----------------- ##
## Output variables. ##
## ----------------- ##

AUTORECONF='/usr/bin/autoreconf'
CC='gcc'
CFLAGS='-g -O2'
CPPFLAGS=''
DEFS='-DPACKAGE_NAME=\"InfluxDB\" -DPACKAGE_TARNAME=\"InfluxDB\" -DPACKAGE_VERSION=\"0.3.0\" -DPACKAGE_STRING=\"InfluxDB\ 0.3.0\" -DPACKAGE_BUGREPORT=\"support@InfluxDB.com\" -DPACKAGE_URL=\"http://InfluxDB.org/\" -DHAVE_LIBZ=1 -DHAVE_LIBBZ2=1'
ECHO_C=''
ECHO_N='-n'
ECHO_T=''
EXEEXT=''
GO='/home/ibmadmin/.gvm/gos/go1.3.3/bin/go'
GOFMT='/home/ibmadmin/.gvm/gos/go1.3.3/bin/gofmt'
GOROOT='/home/ibmadmin/.gvm/gos/go1.3.3'
HG='/usr/bin/hg'
LDFLAGS=''
LIBOBJS=''
LIBS='-lbz2 -lz '
LRT_LDFLAG=''
LTLIBOBJS=''
OBJEXT='o'
PACKAGE_BUGREPORT='support@InfluxDB.com'
PACKAGE_NAME='InfluxDB'
PACKAGE_STRING='InfluxDB 0.3.0'
PACKAGE_TARNAME='InfluxDB'
PACKAGE_URL='http://InfluxDB.org/'
PACKAGE_VERSION='0.3.0'
PATH_SEPARATOR=':'
PROTOC='/usr/local/bin/protoc'
ROCKSDB_LIB=''
SHELL='/bin/bash'
VALGRIND='/usr/bin/valgrind'
ac_ct_CC='gcc'
bindir='${exec_prefix}/bin'
build_alias=''
datadir='${datarootdir}'
datarootdir='${prefix}/share'
docdir='${datarootdir}/doc/${PACKAGE_TARNAME}'
dvidir='${docdir}'
exec_prefix='${prefix}'
host_alias=''
htmldir='${docdir}'
includedir='${prefix}/include'
infodir='${datarootdir}/info'
libdir='${exec_prefix}/lib'
libexecdir='${exec_prefix}/libexec'
localedir='${datarootdir}/locale'
localstatedir='${prefix}/var'
mandir='${datarootdir}/man'
oldincludedir='/usr/include'
pdfdir='${docdir}'
prefix='/usr/local'
program_transform_name='s,x,x,'
psdir='${docdir}'
sbindir='${exec_prefix}/sbin'
sed_i='sed -i'
sharedstatedir='${prefix}/com'
sysconfdir='${prefix}/etc'
target_alias=''
with_bison='/usr/bin/bison'
with_flex='/usr/bin/flex'

## ----------- ##
## confdefs.h. ##
## ----------- ##

/* confdefs.h */
#define PACKAGE_NAME "InfluxDB"
#define PACKAGE_TARNAME "InfluxDB"
#define PACKAGE_VERSION "0.3.0"
#define PACKAGE_STRING "InfluxDB 0.3.0"
#define PACKAGE_BUGREPORT "support@InfluxDB.com"
#define PACKAGE_URL "http://InfluxDB.org/"
#define HAVE_LIBZ 1
#define HAVE_LIBBZ2 1

configure: exit 0
